Time: 2016-03-28 12:30:36
Health check
###OK###

Cumulative Selected Stats
	2-Room Flexi (Short Lease/99-Year Lease): 89/192 (46.35%) selected
	3-Room: 119/567 (20.99%) selected
	4-Room: 195/1229 (15.87%) selected
	5-Room: 141/151 (93.38%) selected

Per Block Selected Stats
	101A
	2-Room Flexi (Short Lease/99-Year Lease): 28/86 (32.56%) selected
	3-Room: 18/91 (19.78%) selected
	4-Room: 18/118 (15.25%) selected

	102A
	2-Room Flexi (Short Lease/99-Year Lease): 51/66 (77.27%) selected
	4-Room: 65/139 (46.76%) selected

	102B
	3-Room: 8/52 (15.38%) selected
	4-Room: 11/148 (7.43%) selected

	103A
	3-Room: 2/56 (3.57%) selected
	4-Room: 3/60 (5.00%) selected

	103B
	3-Room: 8/76 (10.53%) selected
	4-Room: 5/76 (6.58%) selected

	104A
	2-Room Flexi (Short Lease/99-Year Lease): 10/40 (25.00%) selected
	3-Room: 13/94 (13.83%) selected
	4-Room: 5/156 (3.21%) selected

	105A
	4-Room: 5/28 (17.86%) selected
	5-Room: 32/36 (88.89%) selected

	105B
	4-Room: 17/54 (31.48%) selected
	5-Room: 36/38 (94.74%) selected

	106A
	4-Room: 6/62 (9.68%) selected
	5-Room: 43/45 (95.56%) selected

	106B
	4-Room: 10/55 (18.18%) selected
	5-Room: 30/32 (93.75%) selected

	115A
	3-Room: 15/48 (31.25%) selected
	4-Room: 3/48 (6.25%) selected

	115C
	3-Room: 31/48 (64.58%) selected
	4-Room: 26/48 (54.17%) selected

	118A
	3-Room: 24/102 (23.53%) selected
	4-Room: 21/237 (8.86%) selected

